<?xml version="1.0" encoding="UTF-8"?>
<!-- Generated by org.testng.reporters.JUnitXMLReporter -->
<testsuite ignored="0" hostname="LOVEKICK" failures="0" tests="10" name="Default test" time="160.27" errors="0" timestamp="2022-09-25T17:04:07 IST">
  <testcase classname="com.orangehrm.qa.pages.LoginPage" name="checkLandingPageTitleTest" time="0.044"/>
  <testcase classname="com.orangehrm.qa.pages.LoginPage" name="checkloginTest" time="4.82"/>
  <testcase classname="com.orangehrm.qa.pages.LoginPage" name="emptypasswordSpaceLoginTest" time="1.174"/>
  <testcase classname="com.orangehrm.qa.pages.LoginPage" name="emptyusernameSpaceLoginTest" time="1.174"/>
  <testcase classname="com.orangehrm.qa.pages.LoginPage" name="emptyUserPassSpaceTest" time="1.132"/>
  <testcase classname="com.orangehrm.qa.pages.LoginPage" name="checkLogoutTest" time="5.841"/>
  <testcase classname="com.orangehrm.qa.pages.LoginPage" name="checkLinkedinShareTest" time="3.149"/>
  <testcase classname="com.orangehrm.qa.pages.LoginPage" name="checkFacebookShareTest" time="3.688"/>
  <testcase classname="com.orangehrm.qa.pages.LoginPage" name="checkTwitterShareTest" time="3.679"/>
  <testcase classname="com.orangehrm.qa.pages.LoginPage" name="checkYoutubeShareTest" time="6.465"/>
</testsuite> <!-- Default test -->
