<?xml version="1.0" encoding="UTF-8"?>
<testng-results ignored="0" total="1" passed="1" failed="0" skipped="0">
  <reporter-output>
  </reporter-output>
  <suite started-at="2022-10-13T18:40:00 IST" name="Default suite" finished-at="2022-10-13T18:40:15 IST" duration-ms="14962">
    <groups>
    </groups>
    <test started-at="2022-10-13T18:40:00 IST" name="Default test" finished-at="2022-10-13T18:40:15 IST" duration-ms="14962">
      <class name="com.orangehrm.qa.pages.PIMLandingPage">
        <test-method is-config="true" signature="setUp()[pri:0, instance:com.orangehrm.qa.pages.PIMLandingPage@3a93b025]" started-at="2022-10-13T18:40:00 IST" name="setUp" finished-at="2022-10-13T18:40:09 IST" duration-ms="9153" status="PASS">
          <reporter-output>
          </reporter-output>
        </test-method> <!-- setUp -->
        <test-method signature="deleteEmployeeTest()[pri:0, instance:com.orangehrm.qa.pages.PIMLandingPage@3a93b025]" started-at="2022-10-13T18:40:09 IST" name="deleteEmployeeTest" finished-at="2022-10-13T18:40:15 IST" duration-ms="5529" status="PASS">
          <reporter-output>
          </reporter-output>
        </test-method> <!-- deleteEmployeeTest -->
        <test-method is-config="true" signature="endsetUp()[pri:0, instance:com.orangehrm.qa.pages.PIMLandingPage@3a93b025]" started-at="2022-10-13T18:40:15 IST" name="endsetUp" finished-at="2022-10-13T18:40:15 IST" duration-ms="229" status="PASS">
          <reporter-output>
          </reporter-output>
        </test-method> <!-- endsetUp -->
      </class> <!-- com.orangehrm.qa.pages.PIMLandingPage -->
    </test> <!-- Default test -->
  </suite> <!-- Default suite -->
</testng-results>
